[conftest] api-key env isolation active (python=3.13.14)
============================= test session starts =============================
collected 6371 items

tests\test_asi_demo_regression.py .........................
tests\test_asi_demo_v8.py ...........................
tests\test_asi_v8_dynamic_phi.py .............
tests\test_autocatalytic_borrow.py .........................
tests\test_chemotaxis_borrow.py ...................
tests\test_cross_small_model_ci.py ....................Loading weights:   0%|          | 0/199 [00:00<?, ?it/s]Loading weights: 100%|██████████| 199/199 [00:00<00:00, 10040.01it/s].
Loading weights:   0%|          | 0/199 [00:00<?, ?it/s]Loading weights: 100%|██████████| 199/199 [00:00<00:00, 8826.75it/s].
Loading weights:   0%|          | 0/199 [00:00<?, ?it/s]Loading weights: 100%|██████████| 199/199 [00:00<00:00, 8867.64it/s].
Loading weights:   0%|          | 0/199 [00:00<?, ?it/s]Loading weights: 100%|██████████| 199/199 [00:00<00:00, 9725.10it/s].
Loading weights:   0%|          | 0/199 [00:00<?, ?it/s]Loading weights: 100%|██████████| 199/199 [00:00<00:00, 10745.07it/s].
tests\test_cross_small_model_ci_w3.py 
Loading weights:   0%|          | 0/199 [00:00<?, ?it/s]Loading weights: 100%|██████████| 199/199 [00:00<00:00, 11241.30it/s].
Loading weights:   0%|          | 0/199 [00:00<?, ?it/s]Loading weights: 100%|██████████| 199/199 [00:00<00:00, 10681.41it/s].
Loading weights:   0%|          | 0/199 [00:00<?, ?it/s]Loading weights: 100%|██████████| 199/199 [00:00<00:00, 11257.22it/s].
Loading weights:   0%|          | 0/199 [00:00<?, ?it/s]Loading weights: 100%|██████████| 199/199 [00:00<00:00, 10333.48it/s].
Loading weights:   0%|          | 0/199 [00:00<?, ?it/s]Loading weights: 100%|██████████| 199/199 [00:00<00:00, 10721.88it/s].
Loading weights:   0%|          | 0/199 [00:00<?, ?it/s]Loading weights: 100%|██████████| 199/199 [00:00<00:00, 5723.05it/s]..
Loading weights:   0%|          | 0/199 [00:00<?, ?it/s]Loading weights: 100%|██████████| 199/199 [00:00<00:00, 10605.13it/s].........
Loading weights:   0%|          | 0/199 [00:00<?, ?it/s]Loading weights: 100%|██████████| 199/199 [00:00<00:00, 13407.87it/s]......
Loading weights:   0%|          | 0/199 [00:00<?, ?it/s]Loading weights: 100%|██████████| 199/199 [00:00<00:00, 12423.59it/s].
Loading weights:   0%|          | 0/199 [00:00<?, ?it/s]Loading weights: 100%|██████████| 199/199 [00:00<00:00, 10017.00it/s].
Loading weights:   0%|          | 0/199 [00:00<?, ?it/s]Loading weights: 100%|██████████| 199/199 [00:00<00:00, 13601.45it/s].
Loading weights:   0%|          | 0/199 [00:00<?, ?it/s]Loading weights: 100%|██████████| 199/199 [00:00<00:00, 9427.53it/s]....
tests\test_curiosity_borrow.py .....................
tests\test_dgm_archive_borrow.py ......................
tests\test_dissipative_borrow.py ..........................
tests\test_epigenetic_borrow.py .........................
tests\test_hgt_borrow.py .................................
tests\test_llm_kernel_patch_borrow.py .....................
tests\test_memory_3tier_letta_compile.py .....................
tests\test_memory_mem0_borrow.py ...........................
tests\test_mycelium_borrow.py ..........................
tests\test_portable_seed.py ...................................................................
tests\test_prion_borrow.py .........................
tests\test_quorum_borrow.py ...........................
tests\test_r4_asi_fun_score.py .....
tests\test_r4_cli_smoke.py .....
tests\test_r4_serve_smoke.py ........
tests\test_r5_tui_smoke.py .......
tests\test_r6_formal_verify_contract.py ........
tests\test_r6_hqb_integration.py ........
tests\test_r6_memory_replay_design.py ......
tests\test_r6_self_mod_safety_contract.py .......
tests\test_r6_self_reproduction_contract.py ......
tests\test_r8_deployment_integration.py ..............x....................F
tests\test_r8_security_gate.py s................................s
tests\test_sensor_bus.py .......................................
tests\test_tool_runner_borrow.py ...................................
tests\test_v1000_yaml_serializer.py .......................................................s
tests\test_v1001_v1010.py .....................
tests\test_v1002.py ...............
tests\test_v1003.py ............
tests\test_v1004.py ..................
tests\test_v1005.py ............
tests\test_v1006.py ..................
tests\test_v1007.py ...................
tests\test_v1008.py ............
tests\test_v1009.py ............
tests\test_v1010.py ..................
tests\test_v1011.py ...................
tests\test_v1012.py ................
tests\test_v1013.py ..................
tests\test_v1014.py ..................
tests\test_v1015.py ....................
tests\test_v1016.py .................
tests\test_v1017.py .................
tests\test_v1018.py ................
tests\test_v1019.py ......................
tests\test_v101_v120.py ....................
tests\test_v1020.py .......................
tests\test_v1021.py ...................
tests\test_v1022.py ...............
tests\test_v1023.py .....................
tests\test_v1024.py .....................
tests\test_v1025.py .......................
tests\test_v1026.py ..................
tests\test_v1027.py ..........................
tests\test_v1028.py ....................
tests\test_v1029.py ......................
tests\test_v1030.py ........................
tests\test_v1031.py ...................
tests\test_v1032.py ....................
tests\test_v1033.py ....................
tests\test_v1034.py ..........................
tests\test_v1035.py .....................
tests\test_v1036.py ...................
tests\test_v1037.py .......................
tests\test_v1038.py ...................
tests\test_v1039.py .................
tests\test_v1040.py ....................
tests\test_v1041.py .................
tests\test_v1042.py ...............................................
tests\test_v1043.py ..............................................
tests\test_v1044.py .......................................
tests\test_v1045.py ...................................................
tests\test_v1046.py ....................................................
tests\test_v1047_church_synth_bio.py .......................................................
tests\test_v1048_asi_v02_real_measure.py .............................................................
tests\test_v1049.py .............................................................................
tests\test_v1050.py .....................................................................
tests\test_v1051.py ............................................................................
tests\test_v1052.py ...................................................
tests\test_v1053.py ...................................................
tests\test_v1054.py ...........................................
tests\test_v1055.py .....................................
tests\test_v1056.py .......................................................
tests\test_v1057.py .....................................................
tests\test_v1058.py ............................................................
tests\test_v1059.py .....................................................
tests\test_v1060.py .F.....object address  : 000002957719EFE0
object refcount : 5
object type     : 00007FFA5B941A80
object type name: ValueError
object repr     : ValueError('I/O operation on closed file.')
lost sys.stderr
