============================= test session starts =============================
platform win32 -- Python 3.13.14, pytest-9.1.1, pluggy-1.6.0 -- AppData\Local\Programs\Python\Python313\python.exe
rootdir: .openclaw\workspace\promethean
configfile: pyproject.toml
plugins: anyio-4.14.0, asyncio-1.4.0, cov-7.1.0
asyncio: mode=Mode.STRICT, debug=False, asyncio_default_fixture_loop_scope=None, asyncio_default_test_loop_scope=function
collecting ... collected 18 items

apeireth/tests/test_v1312_docs_consistency.py::test_h1_md_files_scanned_over_200 PASSED [  5%]
apeireth/tests/test_v1312_docs_consistency.py::test_h2_v01_anchor_7905_cited_in_many_files PASSED [ 11%]
apeireth/tests/test_v1312_docs_consistency.py::test_h3_v02_anchor_4467_cited PASSED [ 16%]
apeireth/tests/test_v1312_docs_consistency.py::test_h4_v1349_typo_bounded PASSED [ 22%]
apeireth/tests/test_v1312_docs_consistency.py::test_h5_audit_chain_4step_mentioned PASSED [ 27%]
apeireth/tests/test_v1312_docs_consistency.py::test_h6_v1311_last_report_cited PASSED [ 33%]
apeireth/tests/test_v1312_docs_consistency.py::test_h7_decision_healthy PASSED [ 38%]
apeireth/tests/test_v1312_docs_consistency.py::test_h8_findings_has_decision_inputs PASSED [ 44%]
apeireth/tests/test_v1312_docs_consistency.py::test_h9_apeireth_report_count_at_least_1 PASSED [ 50%]
apeireth/tests/test_v1312_docs_consistency.py::test_h10_memory_files_over_50 PASSED [ 55%]
apeireth/tests/test_v1312_docs_consistency.py::test_h11_iter_md_files_includes_3_categories PASSED [ 61%]
apeireth/tests/test_v1312_docs_consistency.py::test_h12_anchor_7905_consistent_with_audit_chain PASSED [ 66%]
apeireth/tests/test_v1312_docs_consistency.py::test_h13_rationale_mentions_health PASSED [ 72%]
apeireth/tests/test_v1312_docs_consistency.py::test_h14_no_audit_chain_break PASSED [ 77%]
apeireth/tests/test_v1312_docs_consistency.py::test_h15_total_v_refs_is_substantial PASSED [ 83%]
apeireth/tests/test_v1312_docs_consistency.py::test_h16_decision_inputs_has_v02_anchor PASSED [ 88%]
apeireth/tests/test_v1312_docs_consistency.py::test_h17_typo_only_in_v1311_report_description PASSED [ 94%]
apeireth/tests/test_v1312_docs_consistency.py::test_h18_python_exit_code_zero PASSED [100%]

============================= 18 passed in 3.82s ==============================
